2011.08.19 23:07 B C:\Users\Ulrich Meyer\Documents\Eigene Webs\bildloesung\DreikLoesung01.jpg --> www.meyer-gitarre.de /bildloesung DreikLoesung01.jpg
2011.08.19 23:07 B C:\Users\Ulrich Meyer\Documents\Eigene Webs\bildloesung\DreikLoesung02.jpg --> www.meyer-gitarre.de /bildloesung DreikLoesung02.jpg
2011.08.19 23:07 B C:\Users\Ulrich Meyer\Documents\Eigene Webs\bildloesung\DreikLoesung03.jpg --> www.meyer-gitarre.de /bildloesung DreikLoesung03.jpg
2011.08.19 23:07 B C:\Users\Ulrich Meyer\Documents\Eigene Webs\bildloesung\DreikLoesung04.jpg --> www.meyer-gitarre.de /bildloesung DreikLoesung04.jpg
2011.08.19 23:07 B C:\Users\Ulrich Meyer\Documents\Eigene Webs\bildloesung\DreikLoesung05.jpg --> www.meyer-gitarre.de /bildloesung DreikLoesung05.jpg
2011.08.19 23:07 B C:\Users\Ulrich Meyer\Documents\Eigene Webs\bildloesung\DreikLoesung06.jpg --> www.meyer-gitarre.de /bildloesung DreikLoesung06.jpg
2011.08.19 23:07 B C:\Users\Ulrich Meyer\Documents\Eigene Webs\bildloesung\DreikLoesung07.jpg --> www.meyer-gitarre.de /bildloesung DreikLoesung07.jpg
2011.08.19 23:07 B C:\Users\Ulrich Meyer\Documents\Eigene Webs\bildloesung\DreikLoesung08.jpg --> www.meyer-gitarre.de /bildloesung DreikLoesung08.jpg
2011.08.19 23:07 B C:\Users\Ulrich Meyer\Documents\Eigene Webs\bildloesung\DreikLoesung09.jpg --> www.meyer-gitarre.de /bildloesung DreikLoesung09.jpg
2011.08.19 23:07 B C:\Users\Ulrich Meyer\Documents\Eigene Webs\bildloesung\DreikLoesung10.jpg --> www.meyer-gitarre.de /bildloesung DreikLoesung10.jpg
2011.08.19 23:07 B C:\Users\Ulrich Meyer\Documents\Eigene Webs\bildloesung\DreikLoesung11.jpg --> www.meyer-gitarre.de /bildloesung DreikLoesung11.jpg
2011.08.19 23:07 B C:\Users\Ulrich Meyer\Documents\Eigene Webs\bildloesung\DreikLoesung11b.jpg --> www.meyer-gitarre.de /bildloesung DreikLoesung11b.jpg
2011.08.19 23:07 B C:\Users\Ulrich Meyer\Documents\Eigene Webs\bildloesung\DreikLoesung12.jpg --> www.meyer-gitarre.de /bildloesung DreikLoesung12.jpg
2011.08.19 23:07 B C:\Users\Ulrich Meyer\Documents\Eigene Webs\bildloesung\DreikLoesung13.jpg --> www.meyer-gitarre.de /bildloesung DreikLoesung13.jpg
2011.08.19 23:07 B C:\Users\Ulrich Meyer\Documents\Eigene Webs\bildloesung\DreikLoesung14.jpg --> www.meyer-gitarre.de /bildloesung DreikLoesung14.jpg
2011.08.19 23:07 B C:\Users\Ulrich Meyer\Documents\Eigene Webs\bildloesung\DreikLoesung15.jpg --> www.meyer-gitarre.de /bildloesung DreikLoesung15.jpg
2011.08.19 23:07 B C:\Users\Ulrich Meyer\Documents\Eigene Webs\bildloesung\DreikLoesung16.jpg --> www.meyer-gitarre.de /bildloesung DreikLoesung16.jpg
2011.08.19 23:07 B C:\Users\Ulrich Meyer\Documents\Eigene Webs\bildloesung\DreikLoesung17.jpg --> www.meyer-gitarre.de /bildloesung DreikLoesung17.jpg
2011.08.19 23:07 B C:\Users\Ulrich Meyer\Documents\Eigene Webs\bildloesung\DreikLoesung18.jpg --> www.meyer-gitarre.de /bildloesung DreikLoesung18.jpg
2011.08.19 23:07 B C:\Users\Ulrich Meyer\Documents\Eigene Webs\bildloesung\DreikLoesung19.jpg --> www.meyer-gitarre.de /bildloesung DreikLoesung19.jpg
2011.08.19 23:07 B C:\Users\Ulrich Meyer\Documents\Eigene Webs\bildloesung\DreikLoesung20.jpg --> www.meyer-gitarre.de /bildloesung DreikLoesung20.jpg
2011.08.19 23:07 B C:\Users\Ulrich Meyer\Documents\Eigene Webs\bildloesung\DreikLoesung21.jpg --> www.meyer-gitarre.de /bildloesung DreikLoesung21.jpg
2011.08.19 23:07 B C:\Users\Ulrich Meyer\Documents\Eigene Webs\bildloesung\DreikLoesung22.jpg --> www.meyer-gitarre.de /bildloesung DreikLoesung22.jpg
2011.08.19 23:07 B C:\Users\Ulrich Meyer\Documents\Eigene Webs\bildloesung\DreikLoesung23.jpg --> www.meyer-gitarre.de /bildloesung DreikLoesung23.jpg
2011.08.19 23:07 B C:\Users\Ulrich Meyer\Documents\Eigene Webs\bildloesung\DreikLoesung24.jpg --> www.meyer-gitarre.de /bildloesung DreikLoesung24.jpg
2011.08.19 23:07 B C:\Users\Ulrich Meyer\Documents\Eigene Webs\bildloesung\DreikLoesung25.jpg --> www.meyer-gitarre.de /bildloesung DreikLoesung25.jpg
2011.08.19 23:07 B C:\Users\Ulrich Meyer\Documents\Eigene Webs\bildloesung\DreikLoesung26.jpg --> www.meyer-gitarre.de /bildloesung DreikLoesung26.jpg
2011.08.19 23:07 B C:\Users\Ulrich Meyer\Documents\Eigene Webs\bildloesung\DreikLoesung27.jpg --> www.meyer-gitarre.de /bildloesung DreikLoesung27.jpg
2011.08.19 23:07 B C:\Users\Ulrich Meyer\Documents\Eigene Webs\bildloesung\DreikLoesung28.jpg --> www.meyer-gitarre.de /bildloesung DreikLoesung28.jpg
2011.08.19 23:07 B C:\Users\Ulrich Meyer\Documents\Eigene Webs\bildloesung\DreikLoesung29.jpg --> www.meyer-gitarre.de /bildloesung DreikLoesung29.jpg
2011.08.19 23:07 B C:\Users\Ulrich Meyer\Documents\Eigene Webs\bildloesung\DreikLoesung30.jpg --> www.meyer-gitarre.de /bildloesung DreikLoesung30.jpg
2011.08.19 23:07 B C:\Users\Ulrich Meyer\Documents\Eigene Webs\bildloesung\Griffbrettloesung01.jpg --> www.meyer-gitarre.de /bildloesung Griffbrettloesung01.jpg
2011.08.19 23:07 B C:\Users\Ulrich Meyer\Documents\Eigene Webs\bildloesung\Griffbrettloesung02.jpg --> www.meyer-gitarre.de /bildloesung Griffbrettloesung02.jpg
2011.08.19 23:07 B C:\Users\Ulrich Meyer\Documents\Eigene Webs\bildloesung\Griffbrettloesung03.jpg --> www.meyer-gitarre.de /bildloesung Griffbrettloesung03.jpg
2011.08.19 23:07 B C:\Users\Ulrich Meyer\Documents\Eigene Webs\bildloesung\Griffbrettloesung04.jpg --> www.meyer-gitarre.de /bildloesung Griffbrettloesung04.jpg
2011.08.19 23:07 B C:\Users\Ulrich Meyer\Documents\Eigene Webs\bildloesung\Griffbrettloesung05.jpg --> www.meyer-gitarre.de /bildloesung Griffbrettloesung05.jpg
2011.08.19 23:08 B C:\Users\Ulrich Meyer\Documents\Eigene Webs\bildloesung\Griffbrettloesung06.jpg --> www.meyer-gitarre.de /bildloesung Griffbrettloesung06.jpg
2011.08.19 23:08 B C:\Users\Ulrich Meyer\Documents\Eigene Webs\bildloesung\Griffbrettloesung07.jpg --> www.meyer-gitarre.de /bildloesung Griffbrettloesung07.jpg
2011.08.19 23:08 B C:\Users\Ulrich Meyer\Documents\Eigene Webs\bildloesung\Griffbrettloesung08.jpg --> www.meyer-gitarre.de /bildloesung Griffbrettloesung08.jpg
2011.08.19 23:08 B C:\Users\Ulrich Meyer\Documents\Eigene Webs\bildloesung\Griffbrettloesung09.jpg --> www.meyer-gitarre.de /bildloesung Griffbrettloesung09.jpg
2011.08.19 23:08 B C:\Users\Ulrich Meyer\Documents\Eigene Webs\bildloesung\Griffbrettloesung10.jpg --> www.meyer-gitarre.de /bildloesung Griffbrettloesung10.jpg
2011.08.19 23:08 B C:\Users\Ulrich Meyer\Documents\Eigene Webs\bildloesung\Griffbrettloesung11.jpg --> www.meyer-gitarre.de /bildloesung Griffbrettloesung11.jpg
2011.08.19 23:08 B C:\Users\Ulrich Meyer\Documents\Eigene Webs\bildloesung\Griffbrettloesung12.jpg --> www.meyer-gitarre.de /bildloesung Griffbrettloesung12.jpg
2011.08.19 23:08 B C:\Users\Ulrich Meyer\Documents\Eigene Webs\bildloesung\Griffbrettloesung13.jpg --> www.meyer-gitarre.de /bildloesung Griffbrettloesung13.jpg
2011.08.19 23:08 B C:\Users\Ulrich Meyer\Documents\Eigene Webs\bildloesung\Griffbrettloesung14.jpg --> www.meyer-gitarre.de /bildloesung Griffbrettloesung14.jpg
2011.08.19 23:08 B C:\Users\Ulrich Meyer\Documents\Eigene Webs\bildloesung\Griffbrettloesung15.jpg --> www.meyer-gitarre.de /bildloesung Griffbrettloesung15.jpg
2011.08.19 23:08 B C:\Users\Ulrich Meyer\Documents\Eigene Webs\bildloesung\Grundloesung01.jpg --> www.meyer-gitarre.de /bildloesung Grundloesung01.jpg
2011.08.19 23:08 B C:\Users\Ulrich Meyer\Documents\Eigene Webs\bildloesung\Grundloesung02.jpg --> www.meyer-gitarre.de /bildloesung Grundloesung02.jpg
2011.08.19 23:08 B C:\Users\Ulrich Meyer\Documents\Eigene Webs\bildloesung\Grundloesung03.jpg --> www.meyer-gitarre.de /bildloesung Grundloesung03.jpg
2011.08.19 23:08 B C:\Users\Ulrich Meyer\Documents\Eigene Webs\bildloesung\Grundloesung04.jpg --> www.meyer-gitarre.de /bildloesung Grundloesung04.jpg
2011.08.19 23:08 B C:\Users\Ulrich Meyer\Documents\Eigene Webs\bildloesung\Grundloesung05.jpg --> www.meyer-gitarre.de /bildloesung Grundloesung05.jpg
2011.08.19 23:08 B C:\Users\Ulrich Meyer\Documents\Eigene Webs\bildloesung\Grundloesung06.jpg --> www.meyer-gitarre.de /bildloesung Grundloesung06.jpg
2011.08.19 23:08 B C:\Users\Ulrich Meyer\Documents\Eigene Webs\bildloesung\Grundloesung07.jpg --> www.meyer-gitarre.de /bildloesung Grundloesung07.jpg
2011.08.19 23:08 B C:\Users\Ulrich Meyer\Documents\Eigene Webs\bildloesung\Grundloesung08.jpg --> www.meyer-gitarre.de /bildloesung Grundloesung08.jpg
2011.08.19 23:08 B C:\Users\Ulrich Meyer\Documents\Eigene Webs\bildloesung\Grundloesung08a.jpg --> www.meyer-gitarre.de /bildloesung Grundloesung08a.jpg
2011.08.19 23:08 B C:\Users\Ulrich Meyer\Documents\Eigene Webs\bildloesung\Grundloesung09.jpg --> www.meyer-gitarre.de /bildloesung Grundloesung09.jpg
2011.08.19 23:08 B C:\Users\Ulrich Meyer\Documents\Eigene Webs\bildloesung\Grundloesung09a.jpg --> www.meyer-gitarre.de /bildloesung Grundloesung09a.jpg
2011.08.19 23:08 B C:\Users\Ulrich Meyer\Documents\Eigene Webs\bildloesung\Grundloesung10.jpg --> www.meyer-gitarre.de /bildloesung Grundloesung10.jpg
2011.08.19 23:08 B C:\Users\Ulrich Meyer\Documents\Eigene Webs\bildloesung\Grundloesung11.jpg --> www.meyer-gitarre.de /bildloesung Grundloesung11.jpg
2011.08.19 23:08 B C:\Users\Ulrich Meyer\Documents\Eigene Webs\bildloesung\Grundloesung12.jpg --> www.meyer-gitarre.de /bildloesung Grundloesung12.jpg
2011.08.19 23:08 B C:\Users\Ulrich Meyer\Documents\Eigene Webs\bildloesung\Grundloesung13.jpg --> www.meyer-gitarre.de /bildloesung Grundloesung13.jpg
2011.08.19 23:08 B C:\Users\Ulrich Meyer\Documents\Eigene Webs\bildloesung\Grundloesung13a.jpg --> www.meyer-gitarre.de /bildloesung Grundloesung13a.jpg
2011.08.19 23:08 B C:\Users\Ulrich Meyer\Documents\Eigene Webs\bildloesung\Grundloesung14.jpg --> www.meyer-gitarre.de /bildloesung Grundloesung14.jpg
2011.08.19 23:08 B C:\Users\Ulrich Meyer\Documents\Eigene Webs\bildloesung\Grundloesung14a.jpg --> www.meyer-gitarre.de /bildloesung Grundloesung14a.jpg
2011.08.19 23:08 B C:\Users\Ulrich Meyer\Documents\Eigene Webs\bildloesung\Grundloesung19.jpg --> www.meyer-gitarre.de /bildloesung Grundloesung19.jpg
2011.08.19 23:08 B C:\Users\Ulrich Meyer\Documents\Eigene Webs\bildloesung\Grundloesung20.jpg --> www.meyer-gitarre.de /bildloesung Grundloesung20.jpg
2011.08.19 23:08 B C:\Users\Ulrich Meyer\Documents\Eigene Webs\bildloesung\Grundloesung21.jpg --> www.meyer-gitarre.de /bildloesung Grundloesung21.jpg
2011.08.19 23:08 B C:\Users\Ulrich Meyer\Documents\Eigene Webs\bildloesung\Grundloesung22.jpg --> www.meyer-gitarre.de /bildloesung Grundloesung22.jpg
2011.08.19 23:08 B C:\Users\Ulrich Meyer\Documents\Eigene Webs\bildloesung\Grundloesung23.jpg --> www.meyer-gitarre.de /bildloesung Grundloesung23.jpg
2011.08.19 23:08 B C:\Users\Ulrich Meyer\Documents\Eigene Webs\bildloesung\Grundloesung24.jpg --> www.meyer-gitarre.de /bildloesung Grundloesung24.jpg
2011.08.19 23:08 B C:\Users\Ulrich Meyer\Documents\Eigene Webs\bildloesung\Grundloesung25.jpg --> www.meyer-gitarre.de /bildloesung Grundloesung25.jpg
2011.08.19 23:08 B C:\Users\Ulrich Meyer\Documents\Eigene Webs\bildloesung\Grundloesung26.jpg --> www.meyer-gitarre.de /bildloesung Grundloesung26.jpg
2011.08.19 23:08 B C:\Users\Ulrich Meyer\Documents\Eigene Webs\bildloesung\Grundloesung27.jpg --> www.meyer-gitarre.de /bildloesung Grundloesung27.jpg
2011.08.19 23:08 B C:\Users\Ulrich Meyer\Documents\Eigene Webs\bildloesung\Grundloesung28.jpg --> www.meyer-gitarre.de /bildloesung Grundloesung28.jpg
2011.08.19 23:08 B C:\Users\Ulrich Meyer\Documents\Eigene Webs\bildloesung\Grundloesung29.jpg --> www.meyer-gitarre.de /bildloesung Grundloesung29.jpg
2011.08.19 23:08 B C:\Users\Ulrich Meyer\Documents\Eigene Webs\bildloesung\Grundloesung30.jpg --> www.meyer-gitarre.de /bildloesung Grundloesung30.jpg
2011.08.19 23:08 B C:\Users\Ulrich Meyer\Documents\Eigene Webs\bildloesung\IntervLoesung01.jpg --> www.meyer-gitarre.de /bildloesung IntervLoesung01.jpg
2011.08.19 23:08 B C:\Users\Ulrich Meyer\Documents\Eigene Webs\bildloesung\IntervLoesung02.jpg --> www.meyer-gitarre.de /bildloesung IntervLoesung02.jpg
2011.08.19 23:08 B C:\Users\Ulrich Meyer\Documents\Eigene Webs\bildloesung\IntervLoesung03.jpg --> www.meyer-gitarre.de /bildloesung IntervLoesung03.jpg
2011.08.19 23:08 B C:\Users\Ulrich Meyer\Documents\Eigene Webs\bildloesung\IntervLoesung04.jpg --> www.meyer-gitarre.de /bildloesung IntervLoesung04.jpg
2011.08.19 23:08 B C:\Users\Ulrich Meyer\Documents\Eigene Webs\bildloesung\IntervLoesung05.jpg --> www.meyer-gitarre.de /bildloesung IntervLoesung05.jpg
2011.08.19 23:08 B C:\Users\Ulrich Meyer\Documents\Eigene Webs\bildloesung\IntervLoesung06.jpg --> www.meyer-gitarre.de /bildloesung IntervLoesung06.jpg
2011.08.19 23:08 B C:\Users\Ulrich Meyer\Documents\Eigene Webs\bildloesung\IntervLoesung07.jpg --> www.meyer-gitarre.de /bildloesung IntervLoesung07.jpg
2011.08.19 23:08 B C:\Users\Ulrich Meyer\Documents\Eigene Webs\bildloesung\TonleitLoesung01.jpg --> www.meyer-gitarre.de /bildloesung TonleitLoesung01.jpg
2011.08.19 23:08 B C:\Users\Ulrich Meyer\Documents\Eigene Webs\bildloesung\TonleitLoesung02.jpg --> www.meyer-gitarre.de /bildloesung TonleitLoesung02.jpg
2011.08.19 23:08 B C:\Users\Ulrich Meyer\Documents\Eigene Webs\bildloesung\TonleitLoesung03.jpg --> www.meyer-gitarre.de /bildloesung TonleitLoesung03.jpg
2011.08.19 23:08 B C:\Users\Ulrich Meyer\Documents\Eigene Webs\bildloesung\TonleitLoesung04a.jpg --> www.meyer-gitarre.de /bildloesung TonleitLoesung04a.jpg
2011.08.19 23:08 B C:\Users\Ulrich Meyer\Documents\Eigene Webs\bildloesung\TonleitLoesung04b.jpg --> www.meyer-gitarre.de /bildloesung TonleitLoesung04b.jpg
2011.08.19 23:08 B C:\Users\Ulrich Meyer\Documents\Eigene Webs\bildloesung\TonleitLoesung04c.jpg --> www.meyer-gitarre.de /bildloesung TonleitLoesung04c.jpg
2011.08.19 23:08 B C:\Users\Ulrich Meyer\Documents\Eigene Webs\bildloesung\TonleitLoesung04d.jpg --> www.meyer-gitarre.de /bildloesung TonleitLoesung04d.jpg
2012.02.26 14:32 B C:\Users\Ulrich Meyer\Documents\Eigene Webs\bildloesung\grundloesung01b.jpg --> www.meyer-gitarre.de /bildloesung grundloesung01b.jpg
2012.02.26 14:32 B C:\Users\Ulrich Meyer\Documents\Eigene Webs\bildloesung\grundloesung01a.jpg --> www.meyer-gitarre.de /bildloesung grundloesung01a.jpg
