2011.08.19 23:15 B C:\Users\Ulrich Meyer\Documents\Eigene Webs\pdf\BachChoral1.pdf --> www.meyer-gitarre.de /pdf BachChoral1.pdf
2011.08.19 23:15 B C:\Users\Ulrich Meyer\Documents\Eigene Webs\pdf\BachChoral2.pdf --> www.meyer-gitarre.de /pdf BachChoral2.pdf
2011.08.19 23:15 B C:\Users\Ulrich Meyer\Documents\Eigene Webs\pdf\BachChoral3.pdf --> www.meyer-gitarre.de /pdf BachChoral3.pdf
2011.08.19 23:15 B C:\Users\Ulrich Meyer\Documents\Eigene Webs\pdf\BachChoral4.pdf --> www.meyer-gitarre.de /pdf BachChoral4.pdf
2011.08.19 23:15 B C:\Users\Ulrich Meyer\Documents\Eigene Webs\pdf\BachChoral5.pdf --> www.meyer-gitarre.de /pdf BachChoral5.pdf
2011.08.19 23:15 B C:\Users\Ulrich Meyer\Documents\Eigene Webs\pdf\BachChoral6.pdf --> www.meyer-gitarre.de /pdf BachChoral6.pdf
2011.08.19 23:15 B C:\Users\Ulrich Meyer\Documents\Eigene Webs\pdf\BachChoralLoesung1.pdf --> www.meyer-gitarre.de /pdf BachChoralLoesung1.pdf
2011.08.19 23:16 B C:\Users\Ulrich Meyer\Documents\Eigene Webs\pdf\BachChoralLoesung2.pdf --> www.meyer-gitarre.de /pdf BachChoralLoesung2.pdf
2011.08.19 23:16 B C:\Users\Ulrich Meyer\Documents\Eigene Webs\pdf\BachChoralLoesung3.pdf --> www.meyer-gitarre.de /pdf BachChoralLoesung3.pdf
2011.08.19 23:16 B C:\Users\Ulrich Meyer\Documents\Eigene Webs\pdf\BachChoralLoesung4.pdf --> www.meyer-gitarre.de /pdf BachChoralLoesung4.pdf
2011.08.19 23:16 B C:\Users\Ulrich Meyer\Documents\Eigene Webs\pdf\BachChoralLoesung5.pdf --> www.meyer-gitarre.de /pdf BachChoralLoesung5.pdf
2011.08.19 23:16 B C:\Users\Ulrich Meyer\Documents\Eigene Webs\pdf\BachChoralLoesung6.pdf --> www.meyer-gitarre.de /pdf BachChoralLoesung6.pdf
2011.08.19 23:16 B C:\Users\Ulrich Meyer\Documents\Eigene Webs\pdf\Baulaerm.pdf --> www.meyer-gitarre.de /pdf Baulaerm.pdf
2011.08.19 23:16 B C:\Users\Ulrich Meyer\Documents\Eigene Webs\pdf\Behauptungen.pdf --> www.meyer-gitarre.de /pdf Behauptungen.pdf
2011.08.19 23:16 B C:\Users\Ulrich Meyer\Documents\Eigene Webs\pdf\binichhierrichtig.pdf --> www.meyer-gitarre.de /pdf binichhierrichtig.pdf
2011.08.19 23:17 B C:\Users\Ulrich Meyer\Documents\Eigene Webs\pdf\Courante.pdf --> www.meyer-gitarre.de /pdf Courante.pdf
2011.08.19 23:17 B C:\Users\Ulrich Meyer\Documents\Eigene Webs\pdf\DiffuseLage.pdf --> www.meyer-gitarre.de /pdf DiffuseLage.pdf
2011.08.19 23:17 B C:\Users\Ulrich Meyer\Documents\Eigene Webs\pdf\Feierabend.pdf --> www.meyer-gitarre.de /pdf Feierabend.pdf
2011.08.19 23:17 B C:\Users\Ulrich Meyer\Documents\Eigene Webs\pdf\GrifftSopAlt.pdf --> www.meyer-gitarre.de /pdf GrifftSopAlt.pdf
2011.08.19 23:17 B C:\Users\Ulrich Meyer\Documents\Eigene Webs\pdf\intervallsingen.pdf --> www.meyer-gitarre.de /pdf intervallsingen.pdf
2011.08.19 23:18 B C:\Users\Ulrich Meyer\Documents\Eigene Webs\pdf\kadenzfolgedur.pdf --> www.meyer-gitarre.de /pdf kadenzfolgedur.pdf
2011.08.19 23:18 B C:\Users\Ulrich Meyer\Documents\Eigene Webs\pdf\kadenzfolgeerw.pdf --> www.meyer-gitarre.de /pdf kadenzfolgeerw.pdf
2011.08.19 23:18 B C:\Users\Ulrich Meyer\Documents\Eigene Webs\pdf\kadenzfolgemoll.pdf --> www.meyer-gitarre.de /pdf kadenzfolgemoll.pdf
2011.08.19 23:18 B C:\Users\Ulrich Meyer\Documents\Eigene Webs\pdf\leichtbergab.pdf --> www.meyer-gitarre.de /pdf leichtbergab.pdf
2011.08.19 23:18 B C:\Users\Ulrich Meyer\Documents\Eigene Webs\pdf\lesen01.pdf --> www.meyer-gitarre.de /pdf lesen01.pdf
2011.08.19 23:18 B C:\Users\Ulrich Meyer\Documents\Eigene Webs\pdf\lesen02.pdf --> www.meyer-gitarre.de /pdf lesen02.pdf
2011.08.19 23:18 B C:\Users\Ulrich Meyer\Documents\Eigene Webs\pdf\lesen03.pdf --> www.meyer-gitarre.de /pdf lesen03.pdf
2011.08.19 23:19 B C:\Users\Ulrich Meyer\Documents\Eigene Webs\pdf\lesen04.pdf --> www.meyer-gitarre.de /pdf lesen04.pdf
2011.08.19 23:19 B C:\Users\Ulrich Meyer\Documents\Eigene Webs\pdf\lesen05.pdf --> www.meyer-gitarre.de /pdf lesen05.pdf
2011.08.19 23:19 B C:\Users\Ulrich Meyer\Documents\Eigene Webs\pdf\lesen06.pdf --> www.meyer-gitarre.de /pdf lesen06.pdf
2011.08.19 23:19 B C:\Users\Ulrich Meyer\Documents\Eigene Webs\pdf\Prelude.pdf --> www.meyer-gitarre.de /pdf Prelude.pdf
2011.08.19 23:19 B C:\Users\Ulrich Meyer\Documents\Eigene Webs\pdf\RegelnGruppe.pdf --> www.meyer-gitarre.de /pdf RegelnGruppe.pdf
2011.08.19 23:19 B C:\Users\Ulrich Meyer\Documents\Eigene Webs\pdf\Sarabande.pdf --> www.meyer-gitarre.de /pdf Sarabande.pdf
2011.08.19 23:19 B C:\Users\Ulrich Meyer\Documents\Eigene Webs\pdf\Trimmgeraet.pdf --> www.meyer-gitarre.de /pdf Trimmgeraet.pdf
2011.09.20 08:09 B C:\Users\Ulrich Meyer\Documents\Eigene Webs\pdf\lesen05.pdf --> www.meyer-gitarre.de /pdf lesen05.pdf
2011.12.07 10:12 B C:\Users\Ulrich Meyer\Documents\Eigene Webs\pdf\grifftabbassalt.pdf --> www.meyer-gitarre.de /pdf grifftabbassalt.pdf
2011.12.07 10:12 B C:\Users\Ulrich Meyer\Documents\Eigene Webs\pdf\grifftabsopalt.pdf --> www.meyer-gitarre.de /pdf grifftabsopalt.pdf
2011.12.28 21:22 B C:\Users\Ulrich Meyer\Documents\Eigene Webs\pdf\binichhierrichtig.pdf --> www.meyer-gitarre.de /pdf binichhierrichtig.pdf
2012.01.02 11:28 B C:\Users\Ulrich Meyer\Documents\Eigene Webs\pdf\TarrPrelLoes.pdf --> www.meyer-gitarre.de /pdf TarrPrelLoes.pdf
2012.01.02 11:28 B C:\Users\Ulrich Meyer\Documents\Eigene Webs\pdf\TarrPrel2.pdf --> www.meyer-gitarre.de /pdf TarrPrel2.pdf
2012.03.16 22:47 B C:\Users\Ulrich Meyer\Documents\Eigene Webs\pdf\notenpapierkl.pdf --> www.meyer-gitarre.de /pdf notenpapierkl.pdf
2012.03.16 22:47 B C:\Users\Ulrich Meyer\Documents\Eigene Webs\pdf\notenpapiergr.pdf --> www.meyer-gitarre.de /pdf notenpapiergr.pdf
